docker run --rm -v /home/calle/projects/ghdl_synthesis/ghdlsynth-testcase-loa/setup1:/src -w /src ghdl/synth:beta ghdl -a --std=93 --ieee=synopsys hdl/bus_pkg.vhd hdl/reset_pkg.vhd hdl/utils_pkg.vhd hdl/hdlc_pkg.vhd hdl/hdlc_crc_pkg.vhd hdl/xilinx_block_ram_pkg.vhd hdl/xilinx_block_ram.vhd hdl/reg_file_pkg.vhd hdl/peripheral_register.vhd hdl/edge_detect.vhd hdl/double_buffering.vhd hdl/reg_file.vhd hdl/reg_file_bram.vhd hdl/reg_file_bram_double_buffered.vhd hdl/text_pkg.vhd hdl/clock_divider.vhd hdl/fractional_clock_divider_variable.vhd hdl/dff.vhd hdl/fractional_clock_divider.vhd hdl/uart_pkg.vhd hdl/uart_rx.vhd hdl/uart_tx.vhd hdl/uart.vhd hdl/fifo_sync_pkg.vhd hdl/fifo_sync.vhd hdl/hdlc_dec.vhd hdl/hdlc_enc.vhd hdl/hdlc_busmaster.vhd hdl/hdlc_busmaster_with_support.vhd hdl/event_hold_stage.vhd src/toplevel.vhd
docker run --rm -v /home/calle/projects/ghdl_synthesis/ghdlsynth-testcase-loa/setup1:/src -w /src ghdl/synth:beta yosys -m ghdl -p "ghdl --std=93 --ieee=synopsys  toplevel; synth_ice40 top toplevel json toplevel.json"

 /----------------------------------------------------------------------------\
 |                                                                            |
 |  yosys -- Yosys Open SYnthesis Suite                                       |
 |                                                                            |
 |  Copyright (C) 2012 - 2019  Clifford Wolf <clifford@clifford.at>           |
 |                                                                            |
 |  Permission to use, copy, modify, and/or distribute this software for any  |
 |  purpose with or without fee is hereby granted, provided that the above    |
 |  copyright notice and this permission notice appear in all copies.         |
 |                                                                            |
 |  THE SOFTWARE IS PROVIDED "AS IS" AND THE AUTHOR DISCLAIMS ALL WARRANTIES  |
 |  WITH REGARD TO THIS SOFTWARE INCLUDING ALL IMPLIED WARRANTIES OF          |
 |  MERCHANTABILITY AND FITNESS. IN NO EVENT SHALL THE AUTHOR BE LIABLE FOR   |
 |  ANY SPECIAL, DIRECT, INDIRECT, OR CONSEQUENTIAL DAMAGES OR ANY DAMAGES    |
 |  WHATSOEVER RESULTING FROM LOSS OF USE, DATA OR PROFITS, WHETHER IN AN     |
 |  ACTION OF CONTRACT, NEGLIGENCE OR OTHER TORTIOUS ACTION, ARISING OUT OF   |
 |  OR IN CONNECTION WITH THE USE OR PERFORMANCE OF THIS SOFTWARE.            |
 |                                                                            |
 \----------------------------------------------------------------------------/

 Yosys 0.9+1706 (git sha1 UNKNOWN, clang 7.0.1-8 -fPIC -Os)


-- Running command `ghdl --std=93 --ieee=synopsys  toplevel; synth_ice40 top toplevel json toplevel.json' --

1. Executing GHDL.
../../src/synopsys/std_logic_arith.vhdl:219:30:warning: unknown pragma "synthesis_off" ignored [-Wpragma]
../../src/synopsys/std_logic_arith.vhdl:223:29:warning: unknown pragma "synthesis_on" ignored [-Wpragma]
../../src/synopsys/std_logic_arith.vhdl:225:30:warning: unknown pragma "synthesis_off" ignored [-Wpragma]
../../src/synopsys/std_logic_arith.vhdl:229:29:warning: unknown pragma "synthesis_on" ignored [-Wpragma]
../../src/synopsys/std_logic_arith.vhdl:236:33:warning: unknown pragma "synthesis_off" ignored [-Wpragma]
../../src/synopsys/std_logic_arith.vhdl:244:32:warning: unknown pragma "synthesis_on" ignored [-Wpragma]
../../src/synopsys/std_logic_arith.vhdl:252:33:warning: unknown pragma "synthesis_off" ignored [-Wpragma]
../../src/synopsys/std_logic_arith.vhdl:264:32:warning: unknown pragma "synthesis_on" ignored [-Wpragma]
../../src/synopsys/std_logic_arith.vhdl:272:33:warning: unknown pragma "synthesis_off" ignored [-Wpragma]
../../src/synopsys/std_logic_arith.vhdl:284:32:warning: unknown pragma "synthesis_on" ignored [-Wpragma]
../../src/synopsys/std_logic_arith.vhdl:292:33:warning: unknown pragma "synthesis_off" ignored [-Wpragma]
../../src/synopsys/std_logic_arith.vhdl:304:32:warning: unknown pragma "synthesis_on" ignored [-Wpragma]
../../src/synopsys/std_logic_arith.vhdl:312:33:warning: unknown pragma "synthesis_off" ignored [-Wpragma]
../../src/synopsys/std_logic_arith.vhdl:324:32:warning: unknown pragma "synthesis_on" ignored [-Wpragma]
../../src/synopsys/std_logic_arith.vhdl:332:33:warning: unknown pragma "synthesis_off" ignored [-Wpragma]
../../src/synopsys/std_logic_arith.vhdl:344:32:warning: unknown pragma "synthesis_on" ignored [-Wpragma]
../../src/synopsys/std_logic_arith.vhdl:352:33:warning: unknown pragma "synthesis_off" ignored [-Wpragma]
../../src/synopsys/std_logic_arith.vhdl:364:32:warning: unknown pragma "synthesis_on" ignored [-Wpragma]
../../src/synopsys/std_logic_arith.vhdl:372:33:warning: unknown pragma "synthesis_off" ignored [-Wpragma]
../../src/synopsys/std_logic_arith.vhdl:384:32:warning: unknown pragma "synthesis_on" ignored [-Wpragma]
../../src/synopsys/std_logic_arith.vhdl:603:29:warning: unknown pragma "subpgm_id" ignored [-Wpragma]
../../src/synopsys/std_logic_arith.vhdl:611:29:warning: unknown pragma "subpgm_id" ignored [-Wpragma]
../../src/synopsys/std_logic_arith.vhdl:619:29:warning: unknown pragma "subpgm_id" ignored [-Wpragma]
../../src/synopsys/std_logic_arith.vhdl:627:29:warning: unknown pragma "subpgm_id" ignored [-Wpragma]
../../src/synopsys/std_logic_arith.vhdl:636:29:warning: unknown pragma "subpgm_id" ignored [-Wpragma]
../../src/synopsys/std_logic_arith.vhdl:645:29:warning: unknown pragma "subpgm_id" ignored [-Wpragma]
../../src/synopsys/std_logic_arith.vhdl:654:29:warning: unknown pragma "subpgm_id" ignored [-Wpragma]
../../src/synopsys/std_logic_arith.vhdl:663:29:warning: unknown pragma "subpgm_id" ignored [-Wpragma]
../../src/synopsys/std_logic_arith.vhdl:673:29:warning: unknown pragma "subpgm_id" ignored [-Wpragma]
../../src/synopsys/std_logic_arith.vhdl:683:29:warning: unknown pragma "subpgm_id" ignored [-Wpragma]
../../src/synopsys/std_logic_arith.vhdl:693:29:warning: unknown pragma "subpgm_id" ignored [-Wpragma]
../../src/synopsys/std_logic_arith.vhdl:703:29:warning: unknown pragma "subpgm_id" ignored [-Wpragma]
../../src/synopsys/std_logic_arith.vhdl:713:29:warning: unknown pragma "subpgm_id" ignored [-Wpragma]
../../src/synopsys/std_logic_arith.vhdl:724:29:warning: unknown pragma "subpgm_id" ignored [-Wpragma]
../../src/synopsys/std_logic_arith.vhdl:735:29:warning: unknown pragma "subpgm_id" ignored [-Wpragma]
../../src/synopsys/std_logic_arith.vhdl:745:29:warning: unknown pragma "subpgm_id" ignored [-Wpragma]
../../src/synopsys/std_logic_arith.vhdl:755:29:warning: unknown pragma "subpgm_id" ignored [-Wpragma]
../../src/synopsys/std_logic_arith.vhdl:765:29:warning: unknown pragma "subpgm_id" ignored [-Wpragma]
../../src/synopsys/std_logic_arith.vhdl:775:29:warning: unknown pragma "subpgm_id" ignored [-Wpragma]
../../src/synopsys/std_logic_arith.vhdl:785:29:warning: unknown pragma "subpgm_id" ignored [-Wpragma]
../../src/synopsys/std_logic_arith.vhdl:796:29:warning: unknown pragma "subpgm_id" ignored [-Wpragma]
../../src/synopsys/std_logic_arith.vhdl:807:29:warning: unknown pragma "subpgm_id" ignored [-Wpragma]
../../src/synopsys/std_logic_arith.vhdl:818:29:warning: unknown pragma "subpgm_id" ignored [-Wpragma]
../../src/synopsys/std_logic_arith.vhdl:829:29:warning: unknown pragma "subpgm_id" ignored [-Wpragma]
../../src/synopsys/std_logic_arith.vhdl:840:29:warning: unknown pragma "subpgm_id" ignored [-Wpragma]
../../src/synopsys/std_logic_arith.vhdl:851:29:warning: unknown pragma "subpgm_id" ignored [-Wpragma]
../../src/synopsys/std_logic_arith.vhdl:862:29:warning: unknown pragma "subpgm_id" ignored [-Wpragma]
../../src/synopsys/std_logic_arith.vhdl:873:29:warning: unknown pragma "subpgm_id" ignored [-Wpragma]
../../src/synopsys/std_logic_arith.vhdl:884:29:warning: unknown pragma "subpgm_id" ignored [-Wpragma]
../../src/synopsys/std_logic_arith.vhdl:895:29:warning: unknown pragma "subpgm_id" ignored [-Wpragma]
../../src/synopsys/std_logic_arith.vhdl:906:29:warning: unknown pragma "subpgm_id" ignored [-Wpragma]
../../src/synopsys/std_logic_arith.vhdl:917:29:warning: unknown pragma "subpgm_id" ignored [-Wpragma]
../../src/synopsys/std_logic_arith.vhdl:929:29:warning: unknown pragma "subpgm_id" ignored [-Wpragma]
../../src/synopsys/std_logic_arith.vhdl:939:29:warning: unknown pragma "subpgm_id" ignored [-Wpragma]
../../src/synopsys/std_logic_arith.vhdl:949:29:warning: unknown pragma "subpgm_id" ignored [-Wpragma]
../../src/synopsys/std_logic_arith.vhdl:959:29:warning: unknown pragma "subpgm_id" ignored [-Wpragma]
../../src/synopsys/std_logic_arith.vhdl:969:29:warning: unknown pragma "subpgm_id" ignored [-Wpragma]
../../src/synopsys/std_logic_arith.vhdl:980:29:warning: unknown pragma "subpgm_id" ignored [-Wpragma]
../../src/synopsys/std_logic_arith.vhdl:991:29:warning: unknown pragma "subpgm_id" ignored [-Wpragma]
../../src/synopsys/std_logic_arith.vhdl:1001:29:warning: unknown pragma "subpgm_id" ignored [-Wpragma]
../../src/synopsys/std_logic_arith.vhdl:1011:29:warning: unknown pragma "subpgm_id" ignored [-Wpragma]
../../src/synopsys/std_logic_arith.vhdl:1022:29:warning: unknown pragma "subpgm_id" ignored [-Wpragma]
../../src/synopsys/std_logic_arith.vhdl:1033:29:warning: unknown pragma "subpgm_id" ignored [-Wpragma]
../../src/synopsys/std_logic_arith.vhdl:1043:29:warning: unknown pragma "subpgm_id" ignored [-Wpragma]
../../src/synopsys/std_logic_arith.vhdl:1055:29:warning: unknown pragma "subpgm_id" ignored [-Wpragma]
../../src/synopsys/std_logic_arith.vhdl:1066:29:warning: unknown pragma "subpgm_id" ignored [-Wpragma]
../../src/synopsys/std_logic_arith.vhdl:1077:29:warning: unknown pragma "subpgm_id" ignored [-Wpragma]
../../src/synopsys/std_logic_arith.vhdl:1088:29:warning: unknown pragma "subpgm_id" ignored [-Wpragma]
../../src/synopsys/std_logic_arith.vhdl:1099:29:warning: unknown pragma "subpgm_id" ignored [-Wpragma]
../../src/synopsys/std_logic_arith.vhdl:1110:29:warning: unknown pragma "subpgm_id" ignored [-Wpragma]
../../src/synopsys/std_logic_arith.vhdl:1121:29:warning: unknown pragma "subpgm_id" ignored [-Wpragma]
../../src/synopsys/std_logic_arith.vhdl:1132:29:warning: unknown pragma "subpgm_id" ignored [-Wpragma]
../../src/synopsys/std_logic_arith.vhdl:1143:29:warning: unknown pragma "subpgm_id" ignored [-Wpragma]
../../src/synopsys/std_logic_arith.vhdl:1154:29:warning: unknown pragma "subpgm_id" ignored [-Wpragma]
../../src/synopsys/std_logic_arith.vhdl:1165:29:warning: unknown pragma "subpgm_id" ignored [-Wpragma]
../../src/synopsys/std_logic_arith.vhdl:1176:29:warning: unknown pragma "subpgm_id" ignored [-Wpragma]
../../src/synopsys/std_logic_arith.vhdl:1188:29:warning: unknown pragma "subpgm_id" ignored [-Wpragma]
../../src/synopsys/std_logic_arith.vhdl:1195:29:warning: unknown pragma "subpgm_id" ignored [-Wpragma]
../../src/synopsys/std_logic_arith.vhdl:1203:29:warning: unknown pragma "subpgm_id" ignored [-Wpragma]
../../src/synopsys/std_logic_arith.vhdl:1210:29:warning: unknown pragma "subpgm_id" ignored [-Wpragma]
../../src/synopsys/std_logic_arith.vhdl:1221:29:warning: unknown pragma "subpgm_id" ignored [-Wpragma]
../../src/synopsys/std_logic_arith.vhdl:1228:29:warning: unknown pragma "subpgm_id" ignored [-Wpragma]
../../src/synopsys/std_logic_arith.vhdl:1236:29:warning: unknown pragma "subpgm_id" ignored [-Wpragma]
../../src/synopsys/std_logic_arith.vhdl:1245:29:warning: unknown pragma "subpgm_id" ignored [-Wpragma]
../../src/synopsys/std_logic_arith.vhdl:1379:29:warning: unknown pragma "subpgm_id" ignored [-Wpragma]
../../src/synopsys/std_logic_arith.vhdl:1389:29:warning: unknown pragma "subpgm_id" ignored [-Wpragma]
../../src/synopsys/std_logic_arith.vhdl:1399:29:warning: unknown pragma "subpgm_id" ignored [-Wpragma]
../../src/synopsys/std_logic_arith.vhdl:1409:29:warning: unknown pragma "subpgm_id" ignored [-Wpragma]
../../src/synopsys/std_logic_arith.vhdl:1419:29:warning: unknown pragma "subpgm_id" ignored [-Wpragma]
../../src/synopsys/std_logic_arith.vhdl:1429:29:warning: unknown pragma "subpgm_id" ignored [-Wpragma]
../../src/synopsys/std_logic_arith.vhdl:1439:29:warning: unknown pragma "subpgm_id" ignored [-Wpragma]
../../src/synopsys/std_logic_arith.vhdl:1449:29:warning: unknown pragma "subpgm_id" ignored [-Wpragma]
../../src/synopsys/std_logic_arith.vhdl:1461:29:warning: unknown pragma "subpgm_id" ignored [-Wpragma]
../../src/synopsys/std_logic_arith.vhdl:1471:29:warning: unknown pragma "subpgm_id" ignored [-Wpragma]
../../src/synopsys/std_logic_arith.vhdl:1481:29:warning: unknown pragma "subpgm_id" ignored [-Wpragma]
../../src/synopsys/std_logic_arith.vhdl:1491:29:warning: unknown pragma "subpgm_id" ignored [-Wpragma]
../../src/synopsys/std_logic_arith.vhdl:1501:29:warning: unknown pragma "subpgm_id" ignored [-Wpragma]
../../src/synopsys/std_logic_arith.vhdl:1511:29:warning: unknown pragma "subpgm_id" ignored [-Wpragma]
../../src/synopsys/std_logic_arith.vhdl:1521:29:warning: unknown pragma "subpgm_id" ignored [-Wpragma]
../../src/synopsys/std_logic_arith.vhdl:1531:29:warning: unknown pragma "subpgm_id" ignored [-Wpragma]
../../src/synopsys/std_logic_arith.vhdl:1543:29:warning: unknown pragma "subpgm_id" ignored [-Wpragma]
../../src/synopsys/std_logic_arith.vhdl:1553:29:warning: unknown pragma "subpgm_id" ignored [-Wpragma]
../../src/synopsys/std_logic_arith.vhdl:1563:29:warning: unknown pragma "subpgm_id" ignored [-Wpragma]
../../src/synopsys/std_logic_arith.vhdl:1573:29:warning: unknown pragma "subpgm_id" ignored [-Wpragma]
../../src/synopsys/std_logic_arith.vhdl:1583:29:warning: unknown pragma "subpgm_id" ignored [-Wpragma]
../../src/synopsys/std_logic_arith.vhdl:1593:29:warning: unknown pragma "subpgm_id" ignored [-Wpragma]
../../src/synopsys/std_logic_arith.vhdl:1603:29:warning: unknown pragma "subpgm_id" ignored [-Wpragma]
../../src/synopsys/std_logic_arith.vhdl:1613:29:warning: unknown pragma "subpgm_id" ignored [-Wpragma]
../../src/synopsys/std_logic_arith.vhdl:1625:29:warning: unknown pragma "subpgm_id" ignored [-Wpragma]
../../src/synopsys/std_logic_arith.vhdl:1635:29:warning: unknown pragma "subpgm_id" ignored [-Wpragma]
../../src/synopsys/std_logic_arith.vhdl:1645:29:warning: unknown pragma "subpgm_id" ignored [-Wpragma]
../../src/synopsys/std_logic_arith.vhdl:1655:29:warning: unknown pragma "subpgm_id" ignored [-Wpragma]
../../src/synopsys/std_logic_arith.vhdl:1665:29:warning: unknown pragma "subpgm_id" ignored [-Wpragma]
../../src/synopsys/std_logic_arith.vhdl:1675:29:warning: unknown pragma "subpgm_id" ignored [-Wpragma]
../../src/synopsys/std_logic_arith.vhdl:1685:29:warning: unknown pragma "subpgm_id" ignored [-Wpragma]
../../src/synopsys/std_logic_arith.vhdl:1695:29:warning: unknown pragma "subpgm_id" ignored [-Wpragma]
../../src/synopsys/std_logic_arith.vhdl:1733:29:warning: unknown pragma "subpgm_id" ignored [-Wpragma]
../../src/synopsys/std_logic_arith.vhdl:1742:29:warning: unknown pragma "subpgm_id" ignored [-Wpragma]
../../src/synopsys/std_logic_arith.vhdl:1751:29:warning: unknown pragma "subpgm_id" ignored [-Wpragma]
../../src/synopsys/std_logic_arith.vhdl:1760:29:warning: unknown pragma "subpgm_id" ignored [-Wpragma]
../../src/synopsys/std_logic_arith.vhdl:1769:29:warning: unknown pragma "subpgm_id" ignored [-Wpragma]
../../src/synopsys/std_logic_arith.vhdl:1778:29:warning: unknown pragma "subpgm_id" ignored [-Wpragma]
../../src/synopsys/std_logic_arith.vhdl:1787:29:warning: unknown pragma "subpgm_id" ignored [-Wpragma]
../../src/synopsys/std_logic_arith.vhdl:1796:29:warning: unknown pragma "subpgm_id" ignored [-Wpragma]
../../src/synopsys/std_logic_arith.vhdl:1807:29:warning: unknown pragma "subpgm_id" ignored [-Wpragma]
../../src/synopsys/std_logic_arith.vhdl:1816:29:warning: unknown pragma "subpgm_id" ignored [-Wpragma]
../../src/synopsys/std_logic_arith.vhdl:1825:29:warning: unknown pragma "subpgm_id" ignored [-Wpragma]
../../src/synopsys/std_logic_arith.vhdl:1834:29:warning: unknown pragma "subpgm_id" ignored [-Wpragma]
../../src/synopsys/std_logic_arith.vhdl:1843:29:warning: unknown pragma "subpgm_id" ignored [-Wpragma]
../../src/synopsys/std_logic_arith.vhdl:1852:29:warning: unknown pragma "subpgm_id" ignored [-Wpragma]
../../src/synopsys/std_logic_arith.vhdl:1861:29:warning: unknown pragma "subpgm_id" ignored [-Wpragma]
../../src/synopsys/std_logic_arith.vhdl:1870:29:warning: unknown pragma "subpgm_id" ignored [-Wpragma]
../../src/synopsys/std_logic_arith.vhdl:1880:29:warning: unknown pragma "subpgm_id" ignored [-Wpragma]
../../src/synopsys/std_logic_arith.vhdl:1888:33:warning: unknown pragma "synthesis_off" ignored [-Wpragma]
../../src/synopsys/std_logic_arith.vhdl:1893:32:warning: unknown pragma "synthesis_on" ignored [-Wpragma]
../../src/synopsys/std_logic_arith.vhdl:1909:29:warning: unknown pragma "subpgm_id" ignored [-Wpragma]
../../src/synopsys/std_logic_arith.vhdl:1917:33:warning: unknown pragma "synthesis_off" ignored [-Wpragma]
../../src/synopsys/std_logic_arith.vhdl:1922:32:warning: unknown pragma "synthesis_on" ignored [-Wpragma]
../../src/synopsys/std_logic_arith.vhdl:1939:29:warning: unknown pragma "subpgm_id" ignored [-Wpragma]
../../src/synopsys/std_logic_arith.vhdl:1947:33:warning: unknown pragma "synthesis_off" ignored [-Wpragma]
../../src/synopsys/std_logic_arith.vhdl:1952:32:warning: unknown pragma "synthesis_on" ignored [-Wpragma]
../../src/synopsys/std_logic_arith.vhdl:1968:29:warning: unknown pragma "subpgm_id" ignored [-Wpragma]
../../src/synopsys/std_logic_arith.vhdl:1977:33:warning: unknown pragma "synthesis_off" ignored [-Wpragma]
../../src/synopsys/std_logic_arith.vhdl:1982:32:warning: unknown pragma "synthesis_on" ignored [-Wpragma]
../../src/synopsys/std_logic_arith.vhdl:2002:29:warning: unknown pragma "subpgm_id" ignored [-Wpragma]
../../src/synopsys/std_logic_arith.vhdl:2011:29:warning: unknown pragma "subpgm_id" ignored [-Wpragma]
../../src/synopsys/std_logic_arith.vhdl:2013:33:warning: unknown pragma "synthesis_off" ignored [-Wpragma]
../../src/synopsys/std_logic_arith.vhdl:2030:32:warning: unknown pragma "synthesis_on" ignored [-Wpragma]
../../src/synopsys/std_logic_arith.vhdl:2038:29:warning: unknown pragma "subpgm_id" ignored [-Wpragma]
../../src/synopsys/std_logic_arith.vhdl:2040:33:warning: unknown pragma "synthesis_off" ignored [-Wpragma]
../../src/synopsys/std_logic_arith.vhdl:2067:32:warning: unknown pragma "synthesis_on" ignored [-Wpragma]
../../src/synopsys/std_logic_arith.vhdl:2074:29:warning: unknown pragma "subpgm_id" ignored [-Wpragma]
../../src/synopsys/std_logic_arith.vhdl:2076:33:warning: unknown pragma "synthesis_off" ignored [-Wpragma]
../../src/synopsys/std_logic_arith.vhdl:2088:32:warning: unknown pragma "synthesis_on" ignored [-Wpragma]
../../src/synopsys/std_logic_arith.vhdl:2097:29:warning: unknown pragma "subpgm_id" ignored [-Wpragma]
../../src/synopsys/std_logic_arith.vhdl:2099:33:warning: unknown pragma "synthesis_off" ignored [-Wpragma]
../../src/synopsys/std_logic_arith.vhdl:2114:32:warning: unknown pragma "synthesis_on" ignored [-Wpragma]
../../src/synopsys/std_logic_arith.vhdl:2124:29:warning: unknown pragma "subpgm_id" ignored [-Wpragma]
../../src/synopsys/std_logic_arith.vhdl:2126:33:warning: unknown pragma "synthesis_off" ignored [-Wpragma]
../../src/synopsys/std_logic_arith.vhdl:2135:32:warning: unknown pragma "synthesis_on" ignored [-Wpragma]
../../src/synopsys/std_logic_arith.vhdl:2145:29:warning: unknown pragma "subpgm_id" ignored [-Wpragma]
../../src/synopsys/std_logic_arith.vhdl:2147:33:warning: unknown pragma "synthesis_off" ignored [-Wpragma]
../../src/synopsys/std_logic_arith.vhdl:2156:32:warning: unknown pragma "synthesis_on" ignored [-Wpragma]
../../src/synopsys/std_logic_arith.vhdl:2164:29:warning: unknown pragma "subpgm_id" ignored [-Wpragma]
../../src/synopsys/std_logic_arith.vhdl:2166:33:warning: unknown pragma "synthesis_off" ignored [-Wpragma]
../../src/synopsys/std_logic_arith.vhdl:2173:32:warning: unknown pragma "synthesis_on" ignored [-Wpragma]
../../src/synopsys/std_logic_arith.vhdl:2182:29:warning: unknown pragma "subpgm_id" ignored [-Wpragma]
../../src/synopsys/std_logic_arith.vhdl:2184:33:warning: unknown pragma "synthesis_off" ignored [-Wpragma]
../../src/synopsys/std_logic_arith.vhdl:2201:32:warning: unknown pragma "synthesis_on" ignored [-Wpragma]
../../src/synopsys/std_logic_arith.vhdl:2211:29:warning: unknown pragma "subpgm_id" ignored [-Wpragma]
../../src/synopsys/std_logic_arith.vhdl:2213:33:warning: unknown pragma "synthesis_off" ignored [-Wpragma]
../../src/synopsys/std_logic_arith.vhdl:2222:32:warning: unknown pragma "synthesis_on" ignored [-Wpragma]
../../src/synopsys/std_logic_arith.vhdl:2231:29:warning: unknown pragma "subpgm_id" ignored [-Wpragma]
../../src/synopsys/std_logic_arith.vhdl:2233:33:warning: unknown pragma "synthesis_off" ignored [-Wpragma]
../../src/synopsys/std_logic_arith.vhdl:2242:32:warning: unknown pragma "synthesis_on" ignored [-Wpragma]
../../src/synopsys/std_logic_arith.vhdl:2250:29:warning: unknown pragma "subpgm_id" ignored [-Wpragma]
../../src/synopsys/std_logic_arith.vhdl:2252:33:warning: unknown pragma "synthesis_off" ignored [-Wpragma]
../../src/synopsys/std_logic_arith.vhdl:2259:32:warning: unknown pragma "synthesis_on" ignored [-Wpragma]
../../src/synopsys/std_logic_arith.vhdl:2268:29:warning: unknown pragma "subpgm_id" ignored [-Wpragma]
../../src/synopsys/std_logic_arith.vhdl:2270:33:warning: unknown pragma "synthesis_off" ignored [-Wpragma]
../../src/synopsys/std_logic_arith.vhdl:2287:32:warning: unknown pragma "synthesis_on" ignored [-Wpragma]
../../src/synopsys/std_logic_arith.vhdl:2297:29:warning: unknown pragma "subpgm_id" ignored [-Wpragma]
../../src/synopsys/std_logic_arith.vhdl:2299:33:warning: unknown pragma "synthesis_off" ignored [-Wpragma]
../../src/synopsys/std_logic_arith.vhdl:2308:32:warning: unknown pragma "synthesis_on" ignored [-Wpragma]
../../src/synopsys/std_logic_arith.vhdl:2317:29:warning: unknown pragma "subpgm_id" ignored [-Wpragma]
../../src/synopsys/std_logic_arith.vhdl:2319:33:warning: unknown pragma "synthesis_off" ignored [-Wpragma]
../../src/synopsys/std_logic_arith.vhdl:2328:32:warning: unknown pragma "synthesis_on" ignored [-Wpragma]
../../src/synopsys/std_logic_arith.vhdl:2336:29:warning: unknown pragma "subpgm_id" ignored [-Wpragma]
../../src/synopsys/std_logic_arith.vhdl:2338:33:warning: unknown pragma "synthesis_off" ignored [-Wpragma]
../../src/synopsys/std_logic_arith.vhdl:2345:32:warning: unknown pragma "synthesis_on" ignored [-Wpragma]
../../src/synopsys/std_logic_arith.vhdl:2355:29:warning: unknown pragma "subpgm_id" ignored [-Wpragma]
../../src/synopsys/std_logic_arith.vhdl:2357:33:warning: unknown pragma "synthesis_off" ignored [-Wpragma]
../../src/synopsys/std_logic_arith.vhdl:2366:32:warning: unknown pragma "synthesis_on" ignored [-Wpragma]
../../src/synopsys/std_logic_arith.vhdl:2376:29:warning: unknown pragma "subpgm_id" ignored [-Wpragma]
../../src/synopsys/std_logic_arith.vhdl:2378:33:warning: unknown pragma "synthesis_off" ignored [-Wpragma]
../../src/synopsys/std_logic_arith.vhdl:2387:32:warning: unknown pragma "synthesis_on" ignored [-Wpragma]
error: synth: bad elaboration order of objects

******************** GHDL Bug occurred ***************************
Please report this bug on https://github.com/ghdl/ghdl/issues
GHDL release: 0.37-dev (v0.36-1603-g47da51fc) [Dunoon edition]
Compiled with unknown compiler version
Target: x86_64-linux-gnu
/src/
Command line:

Exception TYPES.INTERNAL_ERROR raised
Exception information:
raised TYPES.INTERNAL_ERROR : synth-context.adb:221
******************************************************************
ERROR: vhdl import failed.
Makefile:52: recipe for target 'toplevel.json' failed
make: *** [toplevel.json] Error 1
